[2026-04-12 02:45] >>> 开始创作方向: 尺牍
To https://github.com/robertquant/hongxue-research.git
   b908626..277753c  main -> main
[2026-04-12 02:45] <<< 完成：/home/node/.openclaw/workspace/hongxue-research/古典文学创作/41_AUTO_尺牍.md
[2026-04-12 02:45] >>> 开始创作方向: 小品文
To https://github.com/robertquant/hongxue-research.git
   277753c..7e6abad  main -> main
[2026-04-12 02:45] <<< 完成：/home/node/.openclaw/workspace/hongxue-research/古典文学创作/42_AUTO_小品文.md
[2026-04-12 02:50] >>> 开始创作方向: 诗话
fatal: unable to access 'https://github.com/robertquant/hongxue-research.git/': GnuTLS recv error (-110): The TLS connection was non-properly terminated.
[2026-04-12 02:50] <<< 完成：/home/node/.openclaw/workspace/hongxue-research/古典文学创作/43_AUTO_诗话.md
[2026-04-12 02:57] >>> 开始创作方向: 笔记小说
To https://github.com/robertquant/hongxue-research.git
   7e6abad..366c194  main -> main
[2026-04-12 02:57] <<< 完成：/home/node/.openclaw/workspace/hongxue-research/古典文学创作/44_AUTO_笔记小说.md
[2026-04-12 03:02] >>> 开始创作方向: 尺牍
To https://github.com/robertquant/hongxue-research.git
   366c194..9eef106  main -> main
[2026-04-12 03:02] <<< 完成：/home/node/.openclaw/workspace/hongxue-research/古典文学创作/45_AUTO_尺牍.md
[2026-04-12 03:07] >>> 开始创作方向: 小品文
To https://github.com/robertquant/hongxue-research.git
   9eef106..f995892  main -> main
[2026-04-12 03:07] <<< 完成：/home/node/.openclaw/workspace/hongxue-research/古典文学创作/46_AUTO_小品文.md
[2026-04-12 03:12] >>> 开始创作方向: 诗话
fatal: unable to access 'https://github.com/robertquant/hongxue-research.git/': GnuTLS recv error (-110): The TLS connection was non-properly terminated.
[2026-04-12 03:12] <<< 完成：/home/node/.openclaw/workspace/hongxue-research/古典文学创作/47_AUTO_诗话.md
[2026-04-12 03:18] >>> 开始创作方向: 笔记小说
To https://github.com/robertquant/hongxue-research.git
   f995892..b67b016  main -> main
[2026-04-12 03:18] <<< 完成：/home/node/.openclaw/workspace/hongxue-research/古典文学创作/48_AUTO_笔记小说.md
[2026-04-12 03:23] >>> 开始创作方向: 尺牍
fatal: could not read Password for 'https://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@github.com': No such device or address
[2026-04-12 03:23] <<< 完成：/home/node/.openclaw/workspace/hongxue-research/古典文学创作/49_AUTO_尺牍.md
[2026-04-12 03:28] >>> 开始创作方向: 小品文
fatal: unable to access 'https://github.com/robertquant/hongxue-research.git/': Recv failure: Connection reset by peer
[2026-04-12 03:28] <<< 完成：/home/node/.openclaw/workspace/hongxue-research/古典文学创作/50_AUTO_小品文.md
[2026-04-12 03:33] >>> 开始创作方向: 诗话
remote: error: GH013: Repository rule violations found for refs/heads/main.        
remote: 
remote: - GITHUB PUSH PROTECTION        
remote:   —————————————————————————————————————————        
remote:     Resolve the following violations before pushing again        
remote: 
remote:     - Push cannot contain secrets        
remote: 
remote:             
remote:      (?) Learn how to resolve a blocked push        
remote:      https://docs.github.com/code-security/secret-scanning/working-with-secret-scanning-and-push-protection/working-with-push-protection-from-the-command-line#resolving-a-blocked-push        
remote:             
remote:             
remote:       —— GitHub Personal Access Token ——————————————————————        
remote:        locations:        
remote:          - commit: 4d833e42474ff8440eb153f4f228ac5bd02ea419        
remote:            path: 古典文学创作/创作记录.log:32        
remote:          - commit: 0e7a1caca3b47cd0529698053f43fe69dbd5ba64        
remote:            path: 古典文学创作/创作记录.log:32        
remote:             
remote:        (?) To push, remove secret from commit(s) or follow this URL to allow the secret.        
remote:        https://github.com/robertquant/hongxue-research/security/secret-scanning/unblock-secret/3CEy2S2vyXDFsJZuhKtVeaK7Ddx        
remote:             
remote: 
remote: 
To https://github.com/robertquant/hongxue-research.git
 ! [remote rejected] main -> main (push declined due to repository rule violations)
error: failed to push some refs to 'https://github.com/robertquant/hongxue-research.git'
[2026-04-12 03:33] Git push超时或失败，跳过
[2026-04-12 03:33] <<< 完成：/home/node/.openclaw/workspace/hongxue-research/古典文学创作/51_AUTO_诗话.md
[2026-04-12 03:38] >>> 开始创作方向: 笔记小说
remote: error: GH013: Repository rule violations found for refs/heads/main.        
remote: 
remote: - GITHUB PUSH PROTECTION        
remote:   —————————————————————————————————————————        
remote:     Resolve the following violations before pushing again        
remote: 
remote:     - Push cannot contain secrets        
remote: 
remote:             
remote:      (?) Learn how to resolve a blocked push        
remote:      https://docs.github.com/code-security/secret-scanning/working-with-secret-scanning-and-push-protection/working-with-push-protection-from-the-command-line#resolving-a-blocked-push        
remote:             
remote:             
remote:       —— GitHub Personal Access Token ——————————————————————        
remote:        locations:        
remote:          - commit: 4d833e42474ff8440eb153f4f228ac5bd02ea419        
remote:            path: 古典文学创作/创作记录.log:32        
remote:          - commit: 0e7a1caca3b47cd0529698053f43fe69dbd5ba64        
remote:            path: 古典文学创作/创作记录.log:32        
remote:          - commit: db495abbc9dd16479f2af64f1cedb762b25b4a33        
remote:            path: 古典文学创作/创作记录.log:32        
remote:             
remote:        (?) To push, remove secret from commit(s) or follow this URL to allow the secret.        
remote:        https://github.com/robertquant/hongxue-research/security/secret-scanning/unblock-secret/3CEy2S2vyXDFsJZuhKtVeaK7Ddx        
remote:             
remote: 
remote: 
To https://github.com/robertquant/hongxue-research.git
 ! [remote rejected] main -> main (push declined due to repository rule violations)
error: failed to push some refs to 'https://github.com/robertquant/hongxue-research.git'
[2026-04-12 03:38] Git push超时或失败，跳过
[2026-04-12 03:38] <<< 完成：/home/node/.openclaw/workspace/hongxue-research/古典文学创作/52_AUTO_笔记小说.md
[2026-04-12 03:43] >>> 开始创作方向: 尺牍
[2026-04-12 03:43] Git push超时或失败，跳过
[2026-04-12 03:43] <<< 完成：/home/node/.openclaw/workspace/hongxue-research/古典文学创作/53_AUTO_尺牍.md
[2026-04-12 03:48] >>> 开始创作方向: 小品文
fatal: unable to access 'https://github.com/robertquant/hongxue-research.git/': Recv failure: Connection reset by peer
[2026-04-12 03:48] Git push超时或失败，跳过
[2026-04-12 03:48] <<< 完成：/home/node/.openclaw/workspace/hongxue-research/古典文学创作/54_AUTO_小品文.md
[2026-04-12 03:54] >>> 开始创作方向: 诗话
remote: error: GH013: Repository rule violations found for refs/heads/main.        
remote: 
remote: - GITHUB PUSH PROTECTION        
remote:   —————————————————————————————————————————        
remote:     Resolve the following violations before pushing again        
remote: 
remote:     - Push cannot contain secrets        
remote: 
remote:             
remote:      (?) Learn how to resolve a blocked push        
remote:      https://docs.github.com/code-security/secret-scanning/working-with-secret-scanning-and-push-protection/working-with-push-protection-from-the-command-line#resolving-a-blocked-push        
remote:             
remote:             
remote:       —— GitHub Personal Access Token ——————————————————————        
remote:        locations:        
remote:          - commit: 4d833e42474ff8440eb153f4f228ac5bd02ea419        
remote:            path: 古典文学创作/创作记录.log:32        
remote:          - commit: 0e7a1caca3b47cd0529698053f43fe69dbd5ba64        
remote:            path: 古典文学创作/创作记录.log:32        
remote:          - commit: a916f176502c63d17d8abc283c80afc540320690        
remote:            path: 古典文学创作/创作记录.log:32        
remote:          - commit: ce6c49beb0e00e14ae91b0201ccffd462d297e38        
remote:            path: 古典文学创作/创作记录.log:32        
remote:          - commit: f946d59aa903c5fdb1ff03c84a61bc67febd58aa        
remote:            path: 古典文学创作/创作记录.log:32        
remote:             
remote:        (?) To push, remove secret from commit(s) or follow this URL to allow the secret.        
remote:        https://github.com/robertquant/hongxue-research/security/secret-scanning/unblock-secret/3CEy2S2vyXDFsJZuhKtVeaK7Ddx        
remote:             
remote: 
remote: 
To https://github.com/robertquant/hongxue-research.git
 ! [remote rejected] main -> main (push declined due to repository rule violations)
error: failed to push some refs to 'https://github.com/robertquant/hongxue-research.git'
[2026-04-12 03:54] Git push超时或失败，跳过
[2026-04-12 03:54] <<< 完成：/home/node/.openclaw/workspace/hongxue-research/古典文学创作/55_AUTO_诗话.md
[2026-04-12 03:59] >>> 开始创作方向: 笔记小说
remote: error: GH013: Repository rule violations found for refs/heads/main.        
remote: 
remote: - GITHUB PUSH PROTECTION        
remote:   —————————————————————————————————————————        
remote:     Resolve the following violations before pushing again        
remote: 
remote:     - Push cannot contain secrets        
remote: 
remote:             
remote:      (?) Learn how to resolve a blocked push        
remote:      https://docs.github.com/code-security/secret-scanning/working-with-secret-scanning-and-push-protection/working-with-push-protection-from-the-command-line#resolving-a-blocked-push        
remote:             
remote:             
remote:       —— GitHub Personal Access Token ——————————————————————        
remote:        locations:        
remote:          - commit: 4d833e42474ff8440eb153f4f228ac5bd02ea419        
remote:            path: 古典文学创作/创作记录.log:32        
remote:          - commit: 379c8d2cd95b2e4271fb74afc008ecfbf9c6e55c        
remote:            path: 古典文学创作/创作记录.log:32        
remote:          - commit: a916f176502c63d17d8abc283c80afc540320690        
remote:            path: 古典文学创作/创作记录.log:32        
remote:          - commit: ce6c49beb0e00e14ae91b0201ccffd462d297e38        
remote:            path: 古典文学创作/创作记录.log:32        
remote:          - commit: f946d59aa903c5fdb1ff03c84a61bc67febd58aa        
remote:            path: 古典文学创作/创作记录.log:32        
remote:             
remote:        (?) To push, remove secret from commit(s) or follow this URL to allow the secret.        
remote:        https://github.com/robertquant/hongxue-research/security/secret-scanning/unblock-secret/3CEy2S2vyXDFsJZuhKtVeaK7Ddx        
remote:             
remote: 
remote: 
To https://github.com/robertquant/hongxue-research.git
 ! [remote rejected] main -> main (push declined due to repository rule violations)
error: failed to push some refs to 'https://github.com/robertquant/hongxue-research.git'
[2026-04-12 03:59] Git push超时或失败，跳过
[2026-04-12 03:59] <<< 完成：/home/node/.openclaw/workspace/hongxue-research/古典文学创作/56_AUTO_笔记小说.md
[2026-04-12 04:04] >>> 开始创作方向: 尺牍
remote: error: GH013: Repository rule violations found for refs/heads/main.        
remote: 
remote: - GITHUB PUSH PROTECTION        
remote:   —————————————————————————————————————————        
remote:     Resolve the following violations before pushing again        
remote: 
remote:     - Push cannot contain secrets        
remote: 
remote:             
remote:      (?) Learn how to resolve a blocked push        
remote:      https://docs.github.com/code-security/secret-scanning/working-with-secret-scanning-and-push-protection/working-with-push-protection-from-the-command-line#resolving-a-blocked-push        
remote:             
remote:             
remote:       —— GitHub Personal Access Token ——————————————————————        
remote:        locations:        
remote:          - commit: 4d833e42474ff8440eb153f4f228ac5bd02ea419        
remote:            path: 古典文学创作/创作记录.log:32        
remote:          - commit: 379c8d2cd95b2e4271fb74afc008ecfbf9c6e55c        
remote:            path: 古典文学创作/创作记录.log:32        
remote:          - commit: 0e7a1caca3b47cd0529698053f43fe69dbd5ba64        
remote:            path: 古典文学创作/创作记录.log:32        
remote:          - commit: db495abbc9dd16479f2af64f1cedb762b25b4a33        
remote:            path: 古典文学创作/创作记录.log:32        
remote:          - commit: ce6c49beb0e00e14ae91b0201ccffd462d297e38        
remote:            path: 古典文学创作/创作记录.log:32        
remote:             
remote:        (?) To push, remove secret from commit(s) or follow this URL to allow the secret.        
remote:        https://github.com/robertquant/hongxue-research/security/secret-scanning/unblock-secret/3CEy2S2vyXDFsJZuhKtVeaK7Ddx        
remote:             
remote: 
remote: 
To https://github.com/robertquant/hongxue-research.git
 ! [remote rejected] main -> main (push declined due to repository rule violations)
error: failed to push some refs to 'https://github.com/robertquant/hongxue-research.git'
[2026-04-12 04:04] Git push超时或失败，跳过
[2026-04-12 04:04] <<< 完成：/home/node/.openclaw/workspace/hongxue-research/古典文学创作/57_AUTO_尺牍.md
[2026-04-12 04:09] >>> 开始创作方向: 小品文
remote: error: GH013: Repository rule violations found for refs/heads/main.        
remote: 
remote: - GITHUB PUSH PROTECTION        
remote:   —————————————————————————————————————————        
remote:     Resolve the following violations before pushing again        
remote: 
remote:     - Push cannot contain secrets        
remote: 
remote:             
remote:      (?) Learn how to resolve a blocked push        
remote:      https://docs.github.com/code-security/secret-scanning/working-with-secret-scanning-and-push-protection/working-with-push-protection-from-the-command-line#resolving-a-blocked-push        
remote:             
remote:             
remote:       —— GitHub Personal Access Token ——————————————————————        
remote:        locations:        
remote:          - commit: 4d833e42474ff8440eb153f4f228ac5bd02ea419        
remote:            path: 古典文学创作/创作记录.log:32        
remote:          - commit: 379c8d2cd95b2e4271fb74afc008ecfbf9c6e55c        
remote:            path: 古典文学创作/创作记录.log:32        
remote:          - commit: 0e7a1caca3b47cd0529698053f43fe69dbd5ba64        
remote:            path: 古典文学创作/创作记录.log:32        
remote:          - commit: db495abbc9dd16479f2af64f1cedb762b25b4a33        
remote:            path: 古典文学创作/创作记录.log:32        
remote:          - commit: a916f176502c63d17d8abc283c80afc540320690        
remote:            path: 古典文学创作/创作记录.log:32        
remote:             
remote:        (?) To push, remove secret from commit(s) or follow this URL to allow the secret.        
remote:        https://github.com/robertquant/hongxue-research/security/secret-scanning/unblock-secret/3CEy2S2vyXDFsJZuhKtVeaK7Ddx        
remote:             
remote: 
remote: 
To https://github.com/robertquant/hongxue-research.git
 ! [remote rejected] main -> main (push declined due to repository rule violations)
error: failed to push some refs to 'https://github.com/robertquant/hongxue-research.git'
[2026-04-12 04:09] Git push超时或失败，跳过
[2026-04-12 04:09] <<< 完成：/home/node/.openclaw/workspace/hongxue-research/古典文学创作/58_AUTO_小品文.md
[2026-04-12 04:14] >>> 开始创作方向: 诗话
[2026-04-12 04:14] Git push超时或失败，跳过
[2026-04-12 04:14] <<< 完成：/home/node/.openclaw/workspace/hongxue-research/古典文学创作/59_AUTO_诗话.md
[2026-04-12 04:19] >>> 开始创作方向: 笔记小说
fatal: unable to access 'https://github.com/robertquant/hongxue-research.git/': Recv failure: Connection reset by peer
[2026-04-12 04:19] Git push超时或失败，跳过
[2026-04-12 04:19] <<< 完成：/home/node/.openclaw/workspace/hongxue-research/古典文学创作/60_AUTO_笔记小说.md
[2026-04-12 04:24] >>> 开始创作方向: 尺牍
remote: error: GH013: Repository rule violations found for refs/heads/main.        
remote: 
remote: - GITHUB PUSH PROTECTION        
remote:   —————————————————————————————————————————        
remote:     Resolve the following violations before pushing again        
remote: 
remote:     - Push cannot contain secrets        
remote: 
remote:             
remote:      (?) Learn how to resolve a blocked push        
remote:      https://docs.github.com/code-security/secret-scanning/working-with-secret-scanning-and-push-protection/working-with-push-protection-from-the-command-line#resolving-a-blocked-push        
remote:             
remote:             
remote:       —— GitHub Personal Access Token ——————————————————————        
remote:        locations:        
remote:          - commit: 0652321dc46909ea3cbdcfd57761e0c1fbc46640        
remote:            path: 古典文学创作/创作记录.log:32        
remote:          - commit: db495abbc9dd16479f2af64f1cedb762b25b4a33        
remote:            path: 古典文学创作/创作记录.log:32        
remote:          - commit: a916f176502c63d17d8abc283c80afc540320690        
remote:            path: 古典文学创作/创作记录.log:32        
remote:          - commit: ce6c49beb0e00e14ae91b0201ccffd462d297e38        
remote:            path: 古典文学创作/创作记录.log:32        
remote:          - commit: f946d59aa903c5fdb1ff03c84a61bc67febd58aa        
remote:            path: 古典文学创作/创作记录.log:32        
remote:             
remote:        (?) To push, remove secret from commit(s) or follow this URL to allow the secret.        
remote:        https://github.com/robertquant/hongxue-research/security/secret-scanning/unblock-secret/3CEy2S2vyXDFsJZuhKtVeaK7Ddx        
remote:             
remote: 
remote: 
To https://github.com/robertquant/hongxue-research.git
 ! [remote rejected] main -> main (push declined due to repository rule violations)
error: failed to push some refs to 'https://github.com/robertquant/hongxue-research.git'
[2026-04-12 04:24] Git push超时或失败，跳过
[2026-04-12 04:24] <<< 完成：/home/node/.openclaw/workspace/hongxue-research/古典文学创作/61_AUTO_尺牍.md
[2026-04-12 04:29] >>> 开始创作方向: 小品文
remote: error: GH013: Repository rule violations found for refs/heads/main.        
remote: 
remote: - GITHUB PUSH PROTECTION        
remote:   —————————————————————————————————————————        
remote:     Resolve the following violations before pushing again        
remote: 
remote:     - Push cannot contain secrets        
remote: 
remote:             
remote:      (?) Learn how to resolve a blocked push        
remote:      https://docs.github.com/code-security/secret-scanning/working-with-secret-scanning-and-push-protection/working-with-push-protection-from-the-command-line#resolving-a-blocked-push        
remote:             
remote:             
remote:       —— GitHub Personal Access Token ——————————————————————        
remote:        locations:        
remote:          - commit: 4d833e42474ff8440eb153f4f228ac5bd02ea419        
remote:            path: 古典文学创作/创作记录.log:32        
remote:          - commit: 379c8d2cd95b2e4271fb74afc008ecfbf9c6e55c        
remote:            path: 古典文学创作/创作记录.log:32        
remote:          - commit: 0e7a1caca3b47cd0529698053f43fe69dbd5ba64        
remote:            path: 古典文学创作/创作记录.log:32        
remote:          - commit: db495abbc9dd16479f2af64f1cedb762b25b4a33        
remote:            path: 古典文学创作/创作记录.log:32        
remote:          - commit: a916f176502c63d17d8abc283c80afc540320690        
remote:            path: 古典文学创作/创作记录.log:32        
remote:             
remote:        (?) To push, remove secret from commit(s) or follow this URL to allow the secret.        
remote:        https://github.com/robertquant/hongxue-research/security/secret-scanning/unblock-secret/3CEy2S2vyXDFsJZuhKtVeaK7Ddx        
remote:             
remote: 
remote: 
To https://github.com/robertquant/hongxue-research.git
 ! [remote rejected] main -> main (push declined due to repository rule violations)
error: failed to push some refs to 'https://github.com/robertquant/hongxue-research.git'
[2026-04-12 04:29] Git push超时或失败，跳过
[2026-04-12 04:29] <<< 完成：/home/node/.openclaw/workspace/hongxue-research/古典文学创作/62_AUTO_小品文.md
[2026-04-12 04:34] >>> 开始创作方向: 诗话
[2026-04-12 04:34] Git push超时或失败，跳过
[2026-04-12 04:34] <<< 完成：/home/node/.openclaw/workspace/hongxue-research/古典文学创作/63_AUTO_诗话.md
[2026-04-12 04:40] >>> 开始创作方向: 笔记小说
fatal: unable to access 'https://github.com/robertquant/hongxue-research.git/': Recv failure: Connection reset by peer
[2026-04-12 04:40] Git push超时或失败，跳过
[2026-04-12 04:40] <<< 完成：/home/node/.openclaw/workspace/hongxue-research/古典文学创作/64_AUTO_笔记小说.md
[2026-04-12 04:45] >>> 开始创作方向: 尺牍
[2026-04-12 04:45] Git push超时或失败，跳过
[2026-04-12 04:45] <<< 完成：/home/node/.openclaw/workspace/hongxue-research/古典文学创作/65_AUTO_尺牍.md
[2026-04-12 04:50] >>> 开始创作方向: 小品文
fatal: unable to access 'https://github.com/robertquant/hongxue-research.git/': Recv failure: Connection reset by peer
[2026-04-12 04:50] Git push超时或失败，跳过
[2026-04-12 04:50] <<< 完成：/home/node/.openclaw/workspace/hongxue-research/古典文学创作/66_AUTO_小品文.md
[2026-04-12 04:55] >>> 开始创作方向: 诗话
remote: error: GH013: Repository rule violations found for refs/heads/main.        
remote: 
remote: - GITHUB PUSH PROTECTION        
remote:   —————————————————————————————————————————        
remote:     Resolve the following violations before pushing again        
remote: 
remote:     - Push cannot contain secrets        
remote: 
remote:             
remote:      (?) Learn how to resolve a blocked push        
remote:      https://docs.github.com/code-security/secret-scanning/working-with-secret-scanning-and-push-protection/working-with-push-protection-from-the-command-line#resolving-a-blocked-push        
remote:             
remote:             
remote:       —— GitHub Personal Access Token ——————————————————————        
remote:        locations:        
remote:          - commit: 4d833e42474ff8440eb153f4f228ac5bd02ea419        
remote:            path: 古典文学创作/创作记录.log:32        
remote:          - commit: db495abbc9dd16479f2af64f1cedb762b25b4a33        
remote:            path: 古典文学创作/创作记录.log:32        
remote:          - commit: ce6c49beb0e00e14ae91b0201ccffd462d297e38        
remote:            path: 古典文学创作/创作记录.log:32        
remote:          - commit: f946d59aa903c5fdb1ff03c84a61bc67febd58aa        
remote:            path: 古典文学创作/创作记录.log:32        
remote:          - commit: e1bbfda331c729b6810d30a55a4255ef77cd4084        
remote:            path: 古典文学创作/创作记录.log:32        
remote:             
remote:        (?) To push, remove secret from commit(s) or follow this URL to allow the secret.        
remote:        https://github.com/robertquant/hongxue-research/security/secret-scanning/unblock-secret/3CEy2S2vyXDFsJZuhKtVeaK7Ddx        
remote:             
remote: 
remote: 
To https://github.com/robertquant/hongxue-research.git
 ! [remote rejected] main -> main (push declined due to repository rule violations)
error: failed to push some refs to 'https://github.com/robertquant/hongxue-research.git'
[2026-04-12 04:55] Git push超时或失败，跳过
[2026-04-12 04:55] <<< 完成：/home/node/.openclaw/workspace/hongxue-research/古典文学创作/67_AUTO_诗话.md
[2026-04-12 05:00] >>> 开始创作方向: 笔记小说
[2026-04-12 05:00] Git push超时或失败，跳过
[2026-04-12 05:00] <<< 完成：/home/node/.openclaw/workspace/hongxue-research/古典文学创作/68_AUTO_笔记小说.md
[2026-04-12 05:06] >>> 开始创作方向: 尺牍
fatal: unable to access 'https://github.com/robertquant/hongxue-research.git/': Recv failure: Connection reset by peer
[2026-04-12 05:06] Git push超时或失败，跳过
[2026-04-12 05:06] <<< 完成：/home/node/.openclaw/workspace/hongxue-research/古典文学创作/69_AUTO_尺牍.md
[2026-04-12 05:11] >>> 开始创作方向: 小品文
remote: error: GH013: Repository rule violations found for refs/heads/main.        
remote: 
remote: - GITHUB PUSH PROTECTION        
remote:   —————————————————————————————————————————        
remote:     Resolve the following violations before pushing again        
remote: 
remote:     - Push cannot contain secrets        
remote: 
remote:             
remote:      (?) Learn how to resolve a blocked push        
remote:      https://docs.github.com/code-security/secret-scanning/working-with-secret-scanning-and-push-protection/working-with-push-protection-from-the-command-line#resolving-a-blocked-push        
remote:             
remote:             
remote:       —— GitHub Personal Access Token ——————————————————————        
remote:        locations:        
remote:          - commit: 90bc9ab80f6056b7591c63b9fcd62c016ccb6624        
remote:            path: 古典文学创作/创作记录.log:32        
remote:          - commit: 05ab86124545c29df6f54924d6b46a067bcdb497        
remote:            path: 古典文学创作/创作记录.log:32        
remote:          - commit: ce6c49beb0e00e14ae91b0201ccffd462d297e38        
remote:            path: 古典文学创作/创作记录.log:32        
remote:          - commit: f946d59aa903c5fdb1ff03c84a61bc67febd58aa        
remote:            path: 古典文学创作/创作记录.log:32        
remote:          - commit: 37ae57fa52dd74f36248f1f4e80b9baa83ffb5f9        
remote:            path: 古典文学创作/创作记录.log:32        
remote:             
remote:        (?) To push, remove secret from commit(s) or follow this URL to allow the secret.        
remote:        https://github.com/robertquant/hongxue-research/security/secret-scanning/unblock-secret/3CEy2S2vyXDFsJZuhKtVeaK7Ddx        
remote:             
remote: 
remote: 
To https://github.com/robertquant/hongxue-research.git
 ! [remote rejected] main -> main (push declined due to repository rule violations)
error: failed to push some refs to 'https://github.com/robertquant/hongxue-research.git'
[2026-04-12 05:11] Git push超时或失败，跳过
[2026-04-12 05:11] <<< 完成：/home/node/.openclaw/workspace/hongxue-research/古典文学创作/70_AUTO_小品文.md
[2026-04-12 05:16] >>> 开始创作方向: 诗话
remote: error: GH013: Repository rule violations found for refs/heads/main.        
remote: 
remote: - GITHUB PUSH PROTECTION        
remote:   —————————————————————————————————————————        
remote:     Resolve the following violations before pushing again        
remote: 
remote:     - Push cannot contain secrets        
remote: 
remote:             
remote:      (?) Learn how to resolve a blocked push        
remote:      https://docs.github.com/code-security/secret-scanning/working-with-secret-scanning-and-push-protection/working-with-push-protection-from-the-command-line#resolving-a-blocked-push        
remote:             
remote:             
remote:       —— GitHub Personal Access Token ——————————————————————        
remote:        locations:        
remote:          - commit: 0e7a1caca3b47cd0529698053f43fe69dbd5ba64        
remote:            path: 古典文学创作/创作记录.log:32        
remote:          - commit: 05ab86124545c29df6f54924d6b46a067bcdb497        
remote:            path: 古典文学创作/创作记录.log:32        
remote:          - commit: 4e654745d9dbf65104cb3f061e8c4fae58763f9c        
remote:            path: 古典文学创作/创作记录.log:32        
remote:          - commit: a916f176502c63d17d8abc283c80afc540320690        
remote:            path: 古典文学创作/创作记录.log:32        
remote:          - commit: 37ae57fa52dd74f36248f1f4e80b9baa83ffb5f9        
remote:            path: 古典文学创作/创作记录.log:32        
remote:             
remote:        (?) To push, remove secret from commit(s) or follow this URL to allow the secret.        
remote:        https://github.com/robertquant/hongxue-research/security/secret-scanning/unblock-secret/3CEy2S2vyXDFsJZuhKtVeaK7Ddx        
remote:             
remote: 
remote: 
To https://github.com/robertquant/hongxue-research.git
 ! [remote rejected] main -> main (push declined due to repository rule violations)
error: failed to push some refs to 'https://github.com/robertquant/hongxue-research.git'
[2026-04-12 05:16] Git push超时或失败，跳过
[2026-04-12 05:16] <<< 完成：/home/node/.openclaw/workspace/hongxue-research/古典文学创作/71_AUTO_诗话.md
[2026-04-12 05:21] >>> 开始创作方向: 笔记小说
remote: error: GH013: Repository rule violations found for refs/heads/main.        
remote: 
remote: - GITHUB PUSH PROTECTION        
remote:   —————————————————————————————————————————        
remote:     Resolve the following violations before pushing again        
remote: 
remote:     - Push cannot contain secrets        
remote: 
remote:             
remote:      (?) Learn how to resolve a blocked push        
remote:      https://docs.github.com/code-security/secret-scanning/working-with-secret-scanning-and-push-protection/working-with-push-protection-from-the-command-line#resolving-a-blocked-push        
remote:             
remote:             
remote:       —— GitHub Personal Access Token ——————————————————————        
remote:        locations:        
remote:          - commit: fe6a9e9f02dc0b5279c6e2c5b48c244ee7686d32        
remote:            path: 古典文学创作/创作记录.log:32        
remote:          - commit: 0652321dc46909ea3cbdcfd57761e0c1fbc46640        
remote:            path: 古典文学创作/创作记录.log:32        
remote:          - commit: 0e7a1caca3b47cd0529698053f43fe69dbd5ba64        
remote:            path: 古典文学创作/创作记录.log:32        
remote:          - commit: a916f176502c63d17d8abc283c80afc540320690        
remote:            path: 古典文学创作/创作记录.log:32        
remote:          - commit: ce6c49beb0e00e14ae91b0201ccffd462d297e38        
remote:            path: 古典文学创作/创作记录.log:32        
remote:             
remote:        (?) To push, remove secret from commit(s) or follow this URL to allow the secret.        
remote:        https://github.com/robertquant/hongxue-research/security/secret-scanning/unblock-secret/3CEy2S2vyXDFsJZuhKtVeaK7Ddx        
remote:             
remote: 
remote: 
To https://github.com/robertquant/hongxue-research.git
 ! [remote rejected] main -> main (push declined due to repository rule violations)
error: failed to push some refs to 'https://github.com/robertquant/hongxue-research.git'
[2026-04-12 05:21] Git push超时或失败，跳过
[2026-04-12 05:21] <<< 完成：/home/node/.openclaw/workspace/hongxue-research/古典文学创作/72_AUTO_笔记小说.md
[2026-04-12 05:26] >>> 开始创作方向: 尺牍
remote: error: GH013: Repository rule violations found for refs/heads/main.        
remote: 
remote: - GITHUB PUSH PROTECTION        
remote:   —————————————————————————————————————————        
remote:     Resolve the following violations before pushing again        
remote: 
remote:     - Push cannot contain secrets        
remote: 
remote:             
remote:      (?) Learn how to resolve a blocked push        
remote:      https://docs.github.com/code-security/secret-scanning/working-with-secret-scanning-and-push-protection/working-with-push-protection-from-the-command-line#resolving-a-blocked-push        
remote:             
remote:             
remote:       —— GitHub Personal Access Token ——————————————————————        
remote:        locations:        
remote:          - commit: 90bc9ab80f6056b7591c63b9fcd62c016ccb6624        
remote:            path: 古典文学创作/创作记录.log:32        
remote:          - commit: fe6a9e9f02dc0b5279c6e2c5b48c244ee7686d32        
remote:            path: 古典文学创作/创作记录.log:32        
remote:          - commit: f946d59aa903c5fdb1ff03c84a61bc67febd58aa        
remote:            path: 古典文学创作/创作记录.log:32        
remote:          - commit: e1bbfda331c729b6810d30a55a4255ef77cd4084        
remote:            path: 古典文学创作/创作记录.log:32        
remote:          - commit: 42188193bac5b0dd183f9756be4d54cb85ed6098        
remote:            path: 古典文学创作/创作记录.log:32        
remote:             
remote:        (?) To push, remove secret from commit(s) or follow this URL to allow the secret.        
remote:        https://github.com/robertquant/hongxue-research/security/secret-scanning/unblock-secret/3CEy2S2vyXDFsJZuhKtVeaK7Ddx        
remote:             
remote: 
remote: 
To https://github.com/robertquant/hongxue-research.git
 ! [remote rejected] main -> main (push declined due to repository rule violations)
error: failed to push some refs to 'https://github.com/robertquant/hongxue-research.git'
[2026-04-12 05:26] Git push超时或失败，跳过
[2026-04-12 05:26] <<< 完成：/home/node/.openclaw/workspace/hongxue-research/古典文学创作/73_AUTO_尺牍.md
[2026-04-12 05:31] >>> 开始创作方向: 小品文
[2026-04-12 05:31] Git push超时或失败，跳过
[2026-04-12 05:31] <<< 完成：/home/node/.openclaw/workspace/hongxue-research/古典文学创作/74_AUTO_小品文.md
[2026-04-12 05:36] >>> 开始创作方向: 诗话
fatal: unable to access 'https://github.com/robertquant/hongxue-research.git/': Recv failure: Connection reset by peer
[2026-04-12 05:36] Git push超时或失败，跳过
[2026-04-12 05:36] <<< 完成：/home/node/.openclaw/workspace/hongxue-research/古典文学创作/75_AUTO_诗话.md
[2026-04-12 05:42] >>> 开始创作方向: 笔记小说
[2026-04-12 05:42] Git push超时或失败，跳过
[2026-04-12 05:42] <<< 完成：/home/node/.openclaw/workspace/hongxue-research/古典文学创作/76_AUTO_笔记小说.md
[2026-04-12 05:47] >>> 开始创作方向: 尺牍
fatal: unable to access 'https://github.com/robertquant/hongxue-research.git/': Recv failure: Connection reset by peer
[2026-04-12 05:47] Git push超时或失败，跳过
[2026-04-12 05:47] <<< 完成：/home/node/.openclaw/workspace/hongxue-research/古典文学创作/77_AUTO_尺牍.md
[2026-04-12 05:52] >>> 开始创作方向: 小品文
remote: error: GH013: Repository rule violations found for refs/heads/main.        
remote: 
remote: - GITHUB PUSH PROTECTION        
remote:   —————————————————————————————————————————        
remote:     Resolve the following violations before pushing again        
remote: 
remote:     - Push cannot contain secrets        
remote: 
remote:             
remote:      (?) Learn how to resolve a blocked push        
remote:      https://docs.github.com/code-security/secret-scanning/working-with-secret-scanning-and-push-protection/working-with-push-protection-from-the-command-line#resolving-a-blocked-push        
remote:             
remote:             
remote:       —— GitHub Personal Access Token ——————————————————————        
remote:        locations:        
remote:          - commit: 126e7c9f38b4f69f15e0023b8b2f6700ad3b5337        
remote:            path: 古典文学创作/创作记录.log:32        
remote:          - commit: 05ab86124545c29df6f54924d6b46a067bcdb497        
remote:            path: 古典文学创作/创作记录.log:32        
remote:          - commit: 5d1d1cf57fc2a1a02d158b2e15237a34b0669efa        
remote:            path: 古典文学创作/创作记录.log:32        
remote:          - commit: aea736ec7696001d7564605de4bbbe345d822340        
remote:            path: 古典文学创作/创作记录.log:32        
remote:          - commit: 42188193bac5b0dd183f9756be4d54cb85ed6098        
remote:            path: 古典文学创作/创作记录.log:32        
remote:             
remote:        (?) To push, remove secret from commit(s) or follow this URL to allow the secret.        
remote:        https://github.com/robertquant/hongxue-research/security/secret-scanning/unblock-secret/3CEy2S2vyXDFsJZuhKtVeaK7Ddx        
remote:             
remote: 
remote: 
To https://github.com/robertquant/hongxue-research.git
 ! [remote rejected] main -> main (push declined due to repository rule violations)
error: failed to push some refs to 'https://github.com/robertquant/hongxue-research.git'
[2026-04-12 05:52] Git push超时或失败，跳过
[2026-04-12 05:52] <<< 完成：/home/node/.openclaw/workspace/hongxue-research/古典文学创作/78_AUTO_小品文.md
[2026-04-12 05:57] >>> 开始创作方向: 诗话
[2026-04-12 05:57] Git push超时或失败，跳过
[2026-04-12 05:57] <<< 完成：/home/node/.openclaw/workspace/hongxue-research/古典文学创作/79_AUTO_诗话.md
[2026-04-12 06:02] >>> 开始创作方向: 笔记小说
